Started GET "/" for ::1 at 2020-03-29 13:19:42 +0545
  [1m[35m (10.8ms)[0m  [1m[34mSELECT sqlite_version(*)[0m
Processing by Rails::WelcomeController#index as HTML
  Rendering D:/kushal/software/Ruby26-x64/lib/ruby/gems/2.6.0/gems/railties-6.0.2.2/lib/rails/templates/rails/welcome/index.html.erb
  Rendered D:/kushal/software/Ruby26-x64/lib/ruby/gems/2.6.0/gems/railties-6.0.2.2/lib/rails/templates/rails/welcome/index.html.erb (Duration: 13.6ms | Allocations: 420)
Completed 200 OK in 67ms (Views: 36.0ms | ActiveRecord: 0.0ms | Allocations: 2409)


Started GET "/" for ::1 at 2020-03-29 13:22:09 +0545
Processing by Rails::WelcomeController#index as HTML
  Rendering D:/kushal/software/Ruby26-x64/lib/ruby/gems/2.6.0/gems/railties-6.0.2.2/lib/rails/templates/rails/welcome/index.html.erb
  Rendered D:/kushal/software/Ruby26-x64/lib/ruby/gems/2.6.0/gems/railties-6.0.2.2/lib/rails/templates/rails/welcome/index.html.erb (Duration: 5.7ms | Allocations: 190)
Completed 200 OK in 16ms (Views: 11.4ms | ActiveRecord: 0.0ms | Allocations: 874)


Started GET "/" for ::1 at 2020-03-29 13:35:45 +0545
  [1m[35m (9.7ms)[0m  [1m[34mSELECT sqlite_version(*)[0m
Processing by Rails::WelcomeController#index as HTML
  Rendering D:/kushal/software/Ruby26-x64/lib/ruby/gems/2.6.0/gems/railties-6.0.2.2/lib/rails/templates/rails/welcome/index.html.erb
  Rendered D:/kushal/software/Ruby26-x64/lib/ruby/gems/2.6.0/gems/railties-6.0.2.2/lib/rails/templates/rails/welcome/index.html.erb (Duration: 15.6ms | Allocations: 420)
Completed 200 OK in 83ms (Views: 45.0ms | ActiveRecord: 0.0ms | Allocations: 2409)


Started GET "/" for ::1 at 2020-03-29 13:38:16 +0545
Processing by Rails::WelcomeController#index as HTML
  Rendering D:/kushal/software/Ruby26-x64/lib/ruby/gems/2.6.0/gems/railties-6.0.2.2/lib/rails/templates/rails/welcome/index.html.erb
  Rendered D:/kushal/software/Ruby26-x64/lib/ruby/gems/2.6.0/gems/railties-6.0.2.2/lib/rails/templates/rails/welcome/index.html.erb (Duration: 6.3ms | Allocations: 190)
Completed 200 OK in 14ms (Views: 8.7ms | ActiveRecord: 0.0ms | Allocations: 874)


Started GET "/" for ::1 at 2020-03-29 13:48:38 +0545
  [1m[35m (0.1ms)[0m  [1m[34mSELECT sqlite_version(*)[0m
  
ActiveRecord::PendingMigrationError (

Migrations are pending. To resolve this issue, run:

        rails db:migrate RAILS_ENV=development

):
  
activerecord (6.0.2.2) lib/active_record/migration.rb:587:in `check_pending!'
activerecord (6.0.2.2) lib/active_record/migration.rb:564:in `call'
actionpack (6.0.2.2) lib/action_dispatch/middleware/callbacks.rb:27:in `block in call'
activesupport (6.0.2.2) lib/active_support/callbacks.rb:101:in `run_callbacks'
actionpack (6.0.2.2) lib/action_dispatch/middleware/callbacks.rb:26:in `call'
actionpack (6.0.2.2) lib/action_dispatch/middleware/executor.rb:14:in `call'
actionpack (6.0.2.2) lib/action_dispatch/middleware/actionable_exceptions.rb:17:in `call'
actionpack (6.0.2.2) lib/action_dispatch/middleware/debug_exceptions.rb:32:in `call'
web-console (4.0.1) lib/web_console/middleware.rb:132:in `call_app'
web-console (4.0.1) lib/web_console/middleware.rb:28:in `block in call'
web-console (4.0.1) lib/web_console/middleware.rb:17:in `catch'
web-console (4.0.1) lib/web_console/middleware.rb:17:in `call'
actionpack (6.0.2.2) lib/action_dispatch/middleware/show_exceptions.rb:33:in `call'
railties (6.0.2.2) lib/rails/rack/logger.rb:38:in `call_app'
railties (6.0.2.2) lib/rails/rack/logger.rb:26:in `block in call'
activesupport (6.0.2.2) lib/active_support/tagged_logging.rb:80:in `block in tagged'
activesupport (6.0.2.2) lib/active_support/tagged_logging.rb:28:in `tagged'
activesupport (6.0.2.2) lib/active_support/tagged_logging.rb:80:in `tagged'
railties (6.0.2.2) lib/rails/rack/logger.rb:26:in `call'
sprockets-rails (3.2.1) lib/sprockets/rails/quiet_assets.rb:13:in `call'
actionpack (6.0.2.2) lib/action_dispatch/middleware/remote_ip.rb:81:in `call'
actionpack (6.0.2.2) lib/action_dispatch/middleware/request_id.rb:27:in `call'
rack (2.2.2) lib/rack/method_override.rb:24:in `call'
rack (2.2.2) lib/rack/runtime.rb:22:in `call'
activesupport (6.0.2.2) lib/active_support/cache/strategy/local_cache_middleware.rb:29:in `call'
actionpack (6.0.2.2) lib/action_dispatch/middleware/executor.rb:14:in `call'
actionpack (6.0.2.2) lib/action_dispatch/middleware/static.rb:126:in `call'
rack (2.2.2) lib/rack/sendfile.rb:110:in `call'
actionpack (6.0.2.2) lib/action_dispatch/middleware/host_authorization.rb:83:in `call'
webpacker (4.2.2) lib/webpacker/dev_server_proxy.rb:23:in `perform_request'
rack-proxy (0.6.5) lib/rack/proxy.rb:57:in `call'
railties (6.0.2.2) lib/rails/engine.rb:526:in `call'
puma (4.3.3) lib/puma/configuration.rb:228:in `call'
puma (4.3.3) lib/puma/server.rb:682:in `handle_request'
puma (4.3.3) lib/puma/server.rb:472:in `process_client'
puma (4.3.3) lib/puma/server.rb:328:in `block in run'
puma (4.3.3) lib/puma/thread_pool.rb:134:in `block in spawn_thread'
  [1m[35m (9.2ms)[0m  [1m[34mSELECT sqlite_version(*)[0m
  [1m[35m (13.9ms)[0m  [1m[35mCREATE TABLE "schema_migrations" ("version" varchar NOT NULL PRIMARY KEY)[0m
  [1m[35m (7.0ms)[0m  [1m[35mCREATE TABLE "ar_internal_metadata" ("key" varchar NOT NULL PRIMARY KEY, "value" varchar, "created_at" datetime(6) NOT NULL, "updated_at" datetime(6) NOT NULL)[0m
  [1m[35m (0.3ms)[0m  [1m[34mSELECT "schema_migrations"."version" FROM "schema_migrations" ORDER BY "schema_migrations"."version" ASC[0m
Migrating to CreateTasks (20200329080314)
  [1m[35m (0.1ms)[0m  [1m[36mbegin transaction[0m
  [1m[35m (1.2ms)[0m  [1m[35mCREATE TABLE "tasks" ("id" integer PRIMARY KEY AUTOINCREMENT NOT NULL, "title" varchar, "due_date" datetime, "priority" integer, "created_at" datetime(6) NOT NULL, "updated_at" datetime(6) NOT NULL)[0m
  [1m[36mprimary::SchemaMigration Create (0.2ms)[0m  [1m[32mINSERT INTO "schema_migrations" ("version") VALUES (?)[0m  [["version", "20200329080314"]]
  [1m[35m (8.1ms)[0m  [1m[36mcommit transaction[0m
  [1m[36mActiveRecord::InternalMetadata Load (0.3ms)[0m  [1m[34mSELECT "ar_internal_metadata".* FROM "ar_internal_metadata" WHERE "ar_internal_metadata"."key" = ? LIMIT ?[0m  [["key", "environment"], ["LIMIT", 1]]
  [1m[35m (0.0ms)[0m  [1m[36mbegin transaction[0m
  [1m[36mActiveRecord::InternalMetadata Create (1.2ms)[0m  [1m[32mINSERT INTO "ar_internal_metadata" ("key", "value", "created_at", "updated_at") VALUES (?, ?, ?, ?)[0m  [["key", "environment"], ["value", "development"], ["created_at", "2020-03-29 08:13:53.370085"], ["updated_at", "2020-03-29 08:13:53.370085"]]
  [1m[35m (4.6ms)[0m  [1m[36mcommit transaction[0m
  [1m[35m (0.1ms)[0m  [1m[34mSELECT sqlite_version(*)[0m
  [1m[35m (0.2ms)[0m  [1m[34mSELECT "schema_migrations"."version" FROM "schema_migrations" ORDER BY "schema_migrations"."version" ASC[0m
Started GET "/" for ::1 at 2020-03-29 14:08:08 +0545
  [1m[35m (0.1ms)[0m  [1m[34mSELECT sqlite_version(*)[0m
  [1m[35m (0.3ms)[0m  [1m[34mSELECT "schema_migrations"."version" FROM "schema_migrations" ORDER BY "schema_migrations"."version" ASC[0m
Processing by Rails::WelcomeController#index as HTML
  Rendering D:/kushal/software/Ruby26-x64/lib/ruby/gems/2.6.0/gems/railties-6.0.2.2/lib/rails/templates/rails/welcome/index.html.erb
  Rendered D:/kushal/software/Ruby26-x64/lib/ruby/gems/2.6.0/gems/railties-6.0.2.2/lib/rails/templates/rails/welcome/index.html.erb (Duration: 5.2ms | Allocations: 189)
Completed 200 OK in 39ms (Views: 7.8ms | ActiveRecord: 0.0ms | Allocations: 1359)


Started GET "/tasks" for ::1 at 2020-03-29 14:08:29 +0545
Processing by TasksController#index as HTML
  Rendering tasks/index.html.erb within layouts/application
  [1m[36mTask Load (0.3ms)[0m  [1m[34mSELECT "tasks".* FROM "tasks"[0m
  ↳ app/views/tasks/index.html.erb:16
  Rendered tasks/index.html.erb within layouts/application (Duration: 9.3ms | Allocations: 1436)
[Webpacker] Compiling...
[Webpacker] Compilation failed:
yarn run v1.22.4
info Visit https://yarnpkg.com/en/docs/cli/run for documentation about this command.


error Command "webpack" not found.

Completed 500 Internal Server Error in 5524ms (ActiveRecord: 1.0ms | Allocations: 25739)


  
ActionView::Template::Error (Webpacker can't find application in D:/kushal/react/todo/public/packs/manifest.json. Possible causes:
1. You want to set webpacker.yml value of compile to true for your environment
   unless you are using the `webpack -w` or the webpack-dev-server.
2. webpack has not yet re-run to reflect updates.
3. You have misconfigured Webpacker's config/webpacker.yml file.
4. Your webpack configuration is not creating a manifest.
Your manifest contains:
{
}
):
     6:     <%= csp_meta_tag %>
     7: 
     8:     <%= stylesheet_link_tag 'application', media: 'all', 'data-turbolinks-track': 'reload' %>
     9:     <%= javascript_pack_tag 'application', 'data-turbolinks-track': 'reload' %>
    10:   </head>
    11: 
    12:   <body>
  
app/views/layouts/application.html.erb:9
Started GET "/tasks" for ::1 at 2020-03-29 14:09:26 +0545
Processing by TasksController#index as HTML
  Rendering tasks/index.html.erb within layouts/application
  [1m[36mTask Load (0.3ms)[0m  [1m[34mSELECT "tasks".* FROM "tasks"[0m
  ↳ app/views/tasks/index.html.erb:16
  Rendered tasks/index.html.erb within layouts/application (Duration: 4.2ms | Allocations: 626)
[Webpacker] Compiling...
[Webpacker] Compilation failed:
yarn run v1.22.4
info Visit https://yarnpkg.com/en/docs/cli/run for documentation about this command.


error Command "webpack" not found.

Completed 500 Internal Server Error in 4687ms (ActiveRecord: 0.3ms | Allocations: 7300)


  
ActionView::Template::Error (Webpacker can't find application in D:/kushal/react/todo/public/packs/manifest.json. Possible causes:
1. You want to set webpacker.yml value of compile to true for your environment
   unless you are using the `webpack -w` or the webpack-dev-server.
2. webpack has not yet re-run to reflect updates.
3. You have misconfigured Webpacker's config/webpacker.yml file.
4. Your webpack configuration is not creating a manifest.
Your manifest contains:
{
}
):
     6:     <%= csp_meta_tag %>
     7: 
     8:     <%= stylesheet_link_tag 'application', media: 'all', 'data-turbolinks-track': 'reload' %>
     9:     <%= javascript_pack_tag 'application', 'data-turbolinks-track': 'reload' %>
    10:   </head>
    11: 
    12:   <body>
  
app/views/layouts/application.html.erb:9
Started GET "/tasks" for ::1 at 2020-03-29 14:12:20 +0545
Processing by TasksController#index as HTML
  Rendering tasks/index.html.erb within layouts/application
  [1m[36mTask Load (0.4ms)[0m  [1m[34mSELECT "tasks".* FROM "tasks"[0m
  ↳ app/views/tasks/index.html.erb:16
  Rendered tasks/index.html.erb within layouts/application (Duration: 20.4ms | Allocations: 618)
[Webpacker] Compiling...
Started GET "/tasks" for ::1 at 2020-03-29 14:12:27 +0545
  [1m[35m (0.1ms)[0m  [1m[34mSELECT sqlite_version(*)[0m
Processing by TasksController#index as HTML
  Rendering tasks/index.html.erb within layouts/application
  [1m[36mTask Load (1.3ms)[0m  [1m[34mSELECT "tasks".* FROM "tasks"[0m
  ↳ app/views/tasks/index.html.erb:16
  Rendered tasks/index.html.erb within layouts/application (Duration: 4.5ms | Allocations: 641)
[Webpacker] Compiling...
[Webpacker] Compiled all packs in D:/kushal/react/todo/public/packs
[Webpacker] Hash: 32e57f147dbdcbbf0c82
Version: webpack 4.42.1
Time: 3636ms
Built at: 03/29/2020 2:12:31 PM
                                     Asset       Size       Chunks                         Chunk Names
    js/application-bbe9c4a129ab949e0636.js    124 KiB  application  [emitted] [immutable]  application
js/application-bbe9c4a129ab949e0636.js.map    139 KiB  application  [emitted] [dev]        application
                             manifest.json  364 bytes               [emitted]              
Entrypoint application = js/application-bbe9c4a129ab949e0636.js js/application-bbe9c4a129ab949e0636.js.map
[./app/javascript/channels sync recursive _channel\.js$] ./app/javascript/channels sync _channel\.js$ 160 bytes {application} [built]
[./app/javascript/channels/index.js] 211 bytes {application} [built]
[./app/javascript/packs/application.js] 749 bytes {application} [built]
[./node_modules/webpack/buildin/module.js] (webpack)/buildin/module.js 552 bytes {application} [built]
    + 3 hidden modules

Completed 200 OK in 11454ms (Views: 11452.6ms | ActiveRecord: 0.4ms | Allocations: 15178)


[Webpacker] Compiled all packs in D:/kushal/react/todo/public/packs
[Webpacker] Hash: 32e57f147dbdcbbf0c82
Version: webpack 4.42.1
Time: 2583ms
Built at: 03/29/2020 2:12:36 PM
                                     Asset       Size       Chunks                         Chunk Names
    js/application-bbe9c4a129ab949e0636.js    124 KiB  application  [emitted] [immutable]  application
js/application-bbe9c4a129ab949e0636.js.map    139 KiB  application  [emitted] [dev]        application
                             manifest.json  364 bytes               [emitted]              
Entrypoint application = js/application-bbe9c4a129ab949e0636.js js/application-bbe9c4a129ab949e0636.js.map
[./app/javascript/channels sync recursive _channel\.js$] ./app/javascript/channels sync _channel\.js$ 160 bytes {application} [built]
[./app/javascript/channels/index.js] 211 bytes {application} [built]
[./app/javascript/packs/application.js] 749 bytes {application} [built]
[./node_modules/webpack/buildin/module.js] (webpack)/buildin/module.js 552 bytes {application} [built]
    + 3 hidden modules

Completed 200 OK in 9479ms (Views: 9477.4ms | ActiveRecord: 1.3ms | Allocations: 8839)


Started GET "/tasks/new" for ::1 at 2020-03-29 14:18:33 +0545
  [1m[35m (0.1ms)[0m  [1m[34mSELECT sqlite_version(*)[0m
Processing by TasksController#new as HTML
  Rendering tasks/new.html.erb within layouts/application
  Rendered tasks/_form.html.erb (Duration: 72.4ms | Allocations: 7613)
  Rendered tasks/new.html.erb within layouts/application (Duration: 76.6ms | Allocations: 7963)
[Webpacker] Everything's up-to-date. Nothing to do
Completed 200 OK in 146ms (Views: 135.9ms | ActiveRecord: 2.0ms | Allocations: 16247)


Started POST "/tasks" for ::1 at 2020-03-29 14:18:47 +0545
Processing by TasksController#create as HTML
  Parameters: {"authenticity_token"=>"twHW8Mu8SUwsLtzkA6nK2Y8DNVwUGtub2Qe+LZNn73fWLEOSXgiEFqDQmQpiVOGRYaLFi30tKXpky4rm2Sq6EA==", "task"=>{"title"=>"Complete Video", "due_date(1i)"=>"2020", "due_date(2i)"=>"3", "due_date(3i)"=>"29", "due_date(4i)"=>"08", "due_date(5i)"=>"33", "priority"=>"5"}, "commit"=>"Create Task"}
  [1m[35m (0.1ms)[0m  [1m[36mbegin transaction[0m
  ↳ app/controllers/tasks_controller.rb:30:in `block in create'
  [1m[36mTask Create (7.3ms)[0m  [1m[32mINSERT INTO "tasks" ("title", "due_date", "priority", "created_at", "updated_at") VALUES (?, ?, ?, ?, ?)[0m  [["title", "Complete Video"], ["due_date", "2020-03-29 08:33:00"], ["priority", 5], ["created_at", "2020-03-29 08:33:47.338091"], ["updated_at", "2020-03-29 08:33:47.338091"]]
  ↳ app/controllers/tasks_controller.rb:30:in `block in create'
  [1m[35m (9.4ms)[0m  [1m[36mcommit transaction[0m
  ↳ app/controllers/tasks_controller.rb:30:in `block in create'
Redirected to http://localhost:3008/tasks/1
Completed 302 Found in 66ms (ActiveRecord: 16.7ms | Allocations: 3085)


Started GET "/tasks/1" for ::1 at 2020-03-29 14:18:47 +0545
Processing by TasksController#show as HTML
  Parameters: {"id"=>"1"}
  [1m[36mTask Load (0.3ms)[0m  [1m[34mSELECT "tasks".* FROM "tasks" WHERE "tasks"."id" = ? LIMIT ?[0m  [["id", 1], ["LIMIT", 1]]
  ↳ app/controllers/tasks_controller.rb:67:in `set_task'
  Rendering tasks/show.html.erb within layouts/application
  Rendered tasks/show.html.erb within layouts/application (Duration: 1.6ms | Allocations: 303)
[Webpacker] Everything's up-to-date. Nothing to do
Completed 200 OK in 99ms (Views: 80.7ms | ActiveRecord: 0.3ms | Allocations: 6103)


Started GET "/tasks/1/edit" for ::1 at 2020-03-29 14:18:49 +0545
Processing by TasksController#edit as HTML
  Parameters: {"id"=>"1"}
  [1m[36mTask Load (0.3ms)[0m  [1m[34mSELECT "tasks".* FROM "tasks" WHERE "tasks"."id" = ? LIMIT ?[0m  [["id", 1], ["LIMIT", 1]]
  ↳ app/controllers/tasks_controller.rb:67:in `set_task'
  Rendering tasks/edit.html.erb within layouts/application
  Rendered tasks/_form.html.erb (Duration: 2.3ms | Allocations: 3153)
  Rendered tasks/edit.html.erb within layouts/application (Duration: 4.1ms | Allocations: 3408)
[Webpacker] Everything's up-to-date. Nothing to do
Completed 200 OK in 77ms (Views: 66.5ms | ActiveRecord: 0.3ms | Allocations: 8525)


Started PATCH "/tasks/1" for ::1 at 2020-03-29 14:18:52 +0545
Processing by TasksController#update as HTML
  Parameters: {"authenticity_token"=>"cLh4XQ6QYmzlVzJC5HS8t/xsebA/KumK5jkLk/FYrdxeNSlxy7t15cQBtyEAM2MbtQr2wFDFBANibDnCAglxgw==", "task"=>{"title"=>"Complete Video2", "due_date(1i)"=>"2020", "due_date(2i)"=>"3", "due_date(3i)"=>"29", "due_date(4i)"=>"08", "due_date(5i)"=>"33", "priority"=>"5"}, "commit"=>"Update Task", "id"=>"1"}
  [1m[36mTask Load (0.3ms)[0m  [1m[34mSELECT "tasks".* FROM "tasks" WHERE "tasks"."id" = ? LIMIT ?[0m  [["id", 1], ["LIMIT", 1]]
  ↳ app/controllers/tasks_controller.rb:67:in `set_task'
  [1m[35m (0.1ms)[0m  [1m[36mbegin transaction[0m
  ↳ app/controllers/tasks_controller.rb:44:in `block in update'
  [1m[36mTask Update (4.2ms)[0m  [1m[33mUPDATE "tasks" SET "title" = ?, "updated_at" = ? WHERE "tasks"."id" = ?[0m  [["title", "Complete Video2"], ["updated_at", "2020-03-29 08:33:52.397130"], ["id", 1]]
  ↳ app/controllers/tasks_controller.rb:44:in `block in update'
  [1m[35m (8.9ms)[0m  [1m[36mcommit transaction[0m
  ↳ app/controllers/tasks_controller.rb:44:in `block in update'
Redirected to http://localhost:3008/tasks/1
Completed 302 Found in 53ms (ActiveRecord: 13.6ms | Allocations: 3501)


Started GET "/tasks/1" for ::1 at 2020-03-29 14:18:52 +0545
Processing by TasksController#show as HTML
  Parameters: {"id"=>"1"}
  [1m[36mTask Load (0.3ms)[0m  [1m[34mSELECT "tasks".* FROM "tasks" WHERE "tasks"."id" = ? LIMIT ?[0m  [["id", 1], ["LIMIT", 1]]
  ↳ app/controllers/tasks_controller.rb:67:in `set_task'
  Rendering tasks/show.html.erb within layouts/application
  Rendered tasks/show.html.erb within layouts/application (Duration: 0.5ms | Allocations: 105)
[Webpacker] Everything's up-to-date. Nothing to do
Completed 200 OK in 70ms (Views: 63.8ms | ActiveRecord: 0.3ms | Allocations: 5104)


Started GET "/tasks/1/edit" for ::1 at 2020-03-29 14:18:53 +0545
Processing by TasksController#edit as HTML
  Parameters: {"id"=>"1"}
  [1m[36mTask Load (0.3ms)[0m  [1m[34mSELECT "tasks".* FROM "tasks" WHERE "tasks"."id" = ? LIMIT ?[0m  [["id", 1], ["LIMIT", 1]]
  ↳ app/controllers/tasks_controller.rb:67:in `set_task'
  Rendering tasks/edit.html.erb within layouts/application
  Rendered tasks/_form.html.erb (Duration: 3.4ms | Allocations: 3124)
  Rendered tasks/edit.html.erb within layouts/application (Duration: 4.3ms | Allocations: 3246)
[Webpacker] Everything's up-to-date. Nothing to do
Completed 200 OK in 77ms (Views: 70.9ms | ActiveRecord: 0.3ms | Allocations: 8225)


Started GET "/tasks/1" for ::1 at 2020-03-29 14:18:57 +0545
Processing by TasksController#show as HTML
  Parameters: {"id"=>"1"}
  [1m[36mTask Load (0.3ms)[0m  [1m[34mSELECT "tasks".* FROM "tasks" WHERE "tasks"."id" = ? LIMIT ?[0m  [["id", 1], ["LIMIT", 1]]
  ↳ app/controllers/tasks_controller.rb:67:in `set_task'
  Rendering tasks/show.html.erb within layouts/application
  Rendered tasks/show.html.erb within layouts/application (Duration: 0.6ms | Allocations: 101)
[Webpacker] Everything's up-to-date. Nothing to do
Completed 200 OK in 70ms (Views: 63.7ms | ActiveRecord: 0.3ms | Allocations: 5083)


Started GET "/tasks/1/edit" for ::1 at 2020-03-29 14:18:59 +0545
Processing by TasksController#edit as HTML
  Parameters: {"id"=>"1"}
  [1m[36mTask Load (0.3ms)[0m  [1m[34mSELECT "tasks".* FROM "tasks" WHERE "tasks"."id" = ? LIMIT ?[0m  [["id", 1], ["LIMIT", 1]]
  ↳ app/controllers/tasks_controller.rb:67:in `set_task'
  Rendering tasks/edit.html.erb within layouts/application
  Rendered tasks/_form.html.erb (Duration: 3.7ms | Allocations: 3124)
  Rendered tasks/edit.html.erb within layouts/application (Duration: 5.2ms | Allocations: 3246)
[Webpacker] Everything's up-to-date. Nothing to do
Completed 200 OK in 76ms (Views: 70.1ms | ActiveRecord: 0.3ms | Allocations: 8230)


Started PATCH "/tasks/1" for ::1 at 2020-03-29 14:19:03 +0545
Processing by TasksController#update as HTML
  Parameters: {"authenticity_token"=>"jeWKOhhUMSiPVOS/tPzEgRdK3J5nz13SgismuNTPAGKjaNsW3X8moa4CYdxQuxstXixT7gggsFsGfhTpJ57cPQ==", "task"=>{"title"=>"Complete Video", "due_date(1i)"=>"2020", "due_date(2i)"=>"3", "due_date(3i)"=>"29", "due_date(4i)"=>"08", "due_date(5i)"=>"33", "priority"=>"5"}, "commit"=>"Update Task", "id"=>"1"}
  [1m[36mTask Load (0.3ms)[0m  [1m[34mSELECT "tasks".* FROM "tasks" WHERE "tasks"."id" = ? LIMIT ?[0m  [["id", 1], ["LIMIT", 1]]
  ↳ app/controllers/tasks_controller.rb:67:in `set_task'
  [1m[35m (0.1ms)[0m  [1m[36mbegin transaction[0m
  ↳ app/controllers/tasks_controller.rb:44:in `block in update'
  [1m[36mTask Update (1.4ms)[0m  [1m[33mUPDATE "tasks" SET "title" = ?, "updated_at" = ? WHERE "tasks"."id" = ?[0m  [["title", "Complete Video"], ["updated_at", "2020-03-29 08:34:03.930399"], ["id", 1]]
  ↳ app/controllers/tasks_controller.rb:44:in `block in update'
  [1m[35m (8.7ms)[0m  [1m[36mcommit transaction[0m
  ↳ app/controllers/tasks_controller.rb:44:in `block in update'
Redirected to http://localhost:3008/tasks/1
Completed 302 Found in 36ms (ActiveRecord: 10.5ms | Allocations: 3463)


Started GET "/tasks/1" for ::1 at 2020-03-29 14:19:04 +0545
Processing by TasksController#show as HTML
  Parameters: {"id"=>"1"}
  [1m[36mTask Load (0.3ms)[0m  [1m[34mSELECT "tasks".* FROM "tasks" WHERE "tasks"."id" = ? LIMIT ?[0m  [["id", 1], ["LIMIT", 1]]
  ↳ app/controllers/tasks_controller.rb:67:in `set_task'
  Rendering tasks/show.html.erb within layouts/application
  Rendered tasks/show.html.erb within layouts/application (Duration: 1.0ms | Allocations: 103)
[Webpacker] Everything's up-to-date. Nothing to do
Completed 200 OK in 73ms (Views: 66.9ms | ActiveRecord: 0.3ms | Allocations: 5106)


Started GET "/tasks" for ::1 at 2020-03-29 14:19:06 +0545
Processing by TasksController#index as HTML
  Rendering tasks/index.html.erb within layouts/application
  [1m[36mTask Load (0.3ms)[0m  [1m[34mSELECT "tasks".* FROM "tasks"[0m
  ↳ app/views/tasks/index.html.erb:16
  Rendered tasks/index.html.erb within layouts/application (Duration: 6.1ms | Allocations: 785)
[Webpacker] Everything's up-to-date. Nothing to do
Completed 200 OK in 69ms (Views: 68.2ms | ActiveRecord: 0.3ms | Allocations: 5249)


Started GET "/tasks/new" for ::1 at 2020-03-29 14:25:58 +0545
  [1m[35m (0.1ms)[0m  [1m[34mSELECT sqlite_version(*)[0m
Processing by TasksController#new as HTML
  Rendering tasks/new.html.erb within layouts/application
  Rendered tasks/_form.html.erb (Duration: 3.4ms | Allocations: 3113)
  Rendered tasks/new.html.erb within layouts/application (Duration: 4.3ms | Allocations: 3205)
[Webpacker] Everything's up-to-date. Nothing to do
Completed 200 OK in 72ms (Views: 71.1ms | ActiveRecord: 0.0ms | Allocations: 7711)


Started POST "/tasks" for ::1 at 2020-03-29 14:26:17 +0545
Processing by TasksController#create as HTML
  Parameters: {"authenticity_token"=>"xfcIwBhbhGmcDkgPJOYhsrmeE2Ad7XRxihqOzOMHep6k2p2ije9JMxDwDeFFGwr6Vz/jt3TahpA31roHqUov+Q==", "task"=>{"title"=>"Complete Video 2", "due_date(1i)"=>"2020", "due_date(2i)"=>"3", "due_date(3i)"=>"30", "due_date(4i)"=>"08", "due_date(5i)"=>"40", "priority"=>"3"}, "commit"=>"Create Task"}
  [1m[35m (0.0ms)[0m  [1m[36mbegin transaction[0m
  ↳ app/controllers/tasks_controller.rb:30:in `block in create'
  [1m[36mTask Create (7.6ms)[0m  [1m[32mINSERT INTO "tasks" ("title", "due_date", "priority", "created_at", "updated_at") VALUES (?, ?, ?, ?, ?)[0m  [["title", "Complete Video 2"], ["due_date", "2020-03-30 08:40:00"], ["priority", 3], ["created_at", "2020-03-29 08:41:17.509197"], ["updated_at", "2020-03-29 08:41:17.509197"]]
  ↳ app/controllers/tasks_controller.rb:30:in `block in create'
  [1m[35m (7.3ms)[0m  [1m[36mcommit transaction[0m
  ↳ app/controllers/tasks_controller.rb:30:in `block in create'
Redirected to http://localhost:3008/tasks/2
Completed 302 Found in 32ms (ActiveRecord: 15.0ms | Allocations: 2810)


Started GET "/tasks/2" for ::1 at 2020-03-29 14:26:17 +0545
Processing by TasksController#show as HTML
  Parameters: {"id"=>"2"}
  [1m[36mTask Load (0.3ms)[0m  [1m[34mSELECT "tasks".* FROM "tasks" WHERE "tasks"."id" = ? LIMIT ?[0m  [["id", 2], ["LIMIT", 1]]
  ↳ app/controllers/tasks_controller.rb:67:in `set_task'
  Rendering tasks/show.html.erb within layouts/application
  Rendered tasks/show.html.erb within layouts/application (Duration: 1.0ms | Allocations: 103)
[Webpacker] Everything's up-to-date. Nothing to do
Completed 200 OK in 72ms (Views: 64.8ms | ActiveRecord: 0.3ms | Allocations: 5115)


Started GET "/tasks" for ::1 at 2020-03-29 14:26:19 +0545
Processing by TasksController#index as HTML
  Rendering tasks/index.html.erb within layouts/application
  [1m[36mTask Load (0.3ms)[0m  [1m[34mSELECT "tasks".* FROM "tasks"[0m
  ↳ app/views/tasks/index.html.erb:16
  Rendered tasks/index.html.erb within layouts/application (Duration: 6.7ms | Allocations: 929)
[Webpacker] Everything's up-to-date. Nothing to do
Completed 200 OK in 67ms (Views: 66.6ms | ActiveRecord: 0.3ms | Allocations: 5409)


Started GET "/tasks/new" for ::1 at 2020-03-29 14:37:58 +0545
  [1m[35m (0.1ms)[0m  [1m[34mSELECT sqlite_version(*)[0m
Processing by TasksController#new as HTML
  Rendering tasks/new.html.erb within layouts/application
  Rendered tasks/_form.html.erb (Duration: 2.3ms | Allocations: 3178)
  Rendered tasks/new.html.erb within layouts/application (Duration: 3.0ms | Allocations: 3271)
[Webpacker] Everything's up-to-date. Nothing to do
Completed 200 OK in 91ms (Views: 78.0ms | ActiveRecord: 0.0ms | Allocations: 11945)


Started POST "/tasks" for ::1 at 2020-03-29 14:38:01 +0545
Processing by TasksController#create as HTML
  Parameters: {"authenticity_token"=>"mXICZjam39q8RwWk8+nhtopqHIy1XAc0UzfX2hVCs0L4X5cEoxISgDC5QEqSFMr+ZMvsW9xr9dXu++MRXw/mJQ==", "task"=>{"title"=>"", "due_date(1i)"=>"2020", "due_date(2i)"=>"3", "due_date(3i)"=>"29", "due_date(4i)"=>"08", "due_date(5i)"=>"52", "priority"=>"5"}, "commit"=>"Create Task"}
  Rendering tasks/new.html.erb within layouts/application
  Rendered tasks/_form.html.erb (Duration: 4.3ms | Allocations: 3242)
  Rendered tasks/new.html.erb within layouts/application (Duration: 5.3ms | Allocations: 3334)
[Webpacker] Everything's up-to-date. Nothing to do
Completed 200 OK in 76ms (Views: 73.6ms | ActiveRecord: 0.0ms | Allocations: 8888)


Started POST "/tasks" for ::1 at 2020-03-29 14:38:13 +0545
Processing by TasksController#create as HTML
  Parameters: {"authenticity_token"=>"i6GUYil0EO1H0rkuzZATnLnK8PS8YMfog8NuyjVrUuTaRpupFVXAeysuTR0yoSCvjqUQDRepetDKXMI3Akk5pw==", "task"=>{"title"=>"Complete Video 3", "due_date(1i)"=>"2020", "due_date(2i)"=>"3", "due_date(3i)"=>"29", "due_date(4i)"=>"08", "due_date(5i)"=>"52", "priority"=>"5"}, "commit"=>"Create Task"}
  [1m[35m (0.1ms)[0m  [1m[36mbegin transaction[0m
  ↳ app/controllers/tasks_controller.rb:30:in `block in create'
  [1m[36mTask Create (8.1ms)[0m  [1m[32mINSERT INTO "tasks" ("title", "due_date", "priority", "created_at", "updated_at") VALUES (?, ?, ?, ?, ?)[0m  [["title", "Complete Video 3"], ["due_date", "2020-03-29 08:52:00"], ["priority", 5], ["created_at", "2020-03-29 08:53:13.775788"], ["updated_at", "2020-03-29 08:53:13.775788"]]
  ↳ app/controllers/tasks_controller.rb:30:in `block in create'
  [1m[35m (7.2ms)[0m  [1m[36mcommit transaction[0m
  ↳ app/controllers/tasks_controller.rb:30:in `block in create'
Redirected to http://localhost:3008/tasks/3
Completed 302 Found in 42ms (ActiveRecord: 15.4ms | Allocations: 2854)


Started GET "/tasks/3" for ::1 at 2020-03-29 14:38:13 +0545
Processing by TasksController#show as HTML
  Parameters: {"id"=>"3"}
  [1m[36mTask Load (0.4ms)[0m  [1m[34mSELECT "tasks".* FROM "tasks" WHERE "tasks"."id" = ? LIMIT ?[0m  [["id", 3], ["LIMIT", 1]]
  ↳ app/controllers/tasks_controller.rb:67:in `set_task'
  Rendering tasks/show.html.erb within layouts/application
  Rendered tasks/show.html.erb within layouts/application (Duration: 1.5ms | Allocations: 106)
[Webpacker] Everything's up-to-date. Nothing to do
Completed 200 OK in 84ms (Views: 77.0ms | ActiveRecord: 0.4ms | Allocations: 5250)


Started GET "/tasks" for ::1 at 2020-03-29 14:38:16 +0545
Processing by TasksController#index as HTML
  Rendering tasks/index.html.erb within layouts/application
  [1m[36mTask Load (0.3ms)[0m  [1m[34mSELECT "tasks".* FROM "tasks"[0m
  ↳ app/views/tasks/index.html.erb:16
  Rendered tasks/index.html.erb within layouts/application (Duration: 9.4ms | Allocations: 1080)
[Webpacker] Everything's up-to-date. Nothing to do
Completed 200 OK in 87ms (Views: 85.8ms | ActiveRecord: 0.3ms | Allocations: 5543)


Started GET "/tasks" for ::1 at 2020-03-29 14:40:55 +0545
  [1m[35m (0.1ms)[0m  [1m[34mSELECT sqlite_version(*)[0m
Processing by TasksController#index as HTML
  Rendering tasks/index.html.erb within layouts/application
  [1m[36mTask Load (0.3ms)[0m  [1m[34mSELECT "tasks".* FROM "tasks"[0m
  ↳ app/views/tasks/index.html.erb:16
  Rendered tasks/index.html.erb within layouts/application (Duration: 20.9ms | Allocations: 5075)
[Webpacker] Everything's up-to-date. Nothing to do
Completed 200 OK in 100ms (Views: 88.4ms | ActiveRecord: 2.8ms | Allocations: 10175)


Started GET "/" for ::1 at 2020-03-29 14:41:00 +0545
Processing by TasksController#index as HTML
  Rendering tasks/index.html.erb within layouts/application
  [1m[36mTask Load (0.4ms)[0m  [1m[34mSELECT "tasks".* FROM "tasks"[0m
  ↳ app/views/tasks/index.html.erb:16
  Rendered tasks/index.html.erb within layouts/application (Duration: 8.9ms | Allocations: 1058)
[Webpacker] Everything's up-to-date. Nothing to do
Completed 200 OK in 79ms (Views: 78.1ms | ActiveRecord: 0.4ms | Allocations: 5517)


Started GET "/" for ::1 at 2020-03-29 14:53:36 +0545
  [1m[35m (0.1ms)[0m  [1m[34mSELECT sqlite_version(*)[0m
Processing by TasksController#index as HTML
  Rendering tasks/index.html.erb within layouts/application
  [1m[36mTask Load (1.1ms)[0m  [1m[34mSELECT "tasks".* FROM "tasks"[0m
  ↳ app/views/tasks/index.html.erb:16
  Rendered tasks/index.html.erb within layouts/application (Duration: 5.7ms | Allocations: 1351)
[Webpacker] Everything's up-to-date. Nothing to do
Completed 200 OK in 136ms (Views: 130.1ms | ActiveRecord: 1.1ms | Allocations: 6740)


Started GET "/" for ::1 at 2020-03-29 14:57:25 +0545
Processing by TasksController#index as HTML
  Rendering tasks/index.html.erb within layouts/application
  [1m[36mTask Load (1.1ms)[0m  [1m[34mSELECT "tasks".* FROM "tasks"[0m
  ↳ app/views/tasks/index.html.erb:16
  Rendered tasks/index.html.erb within layouts/application (Duration: 6.3ms | Allocations: 1326)
[Webpacker] Everything's up-to-date. Nothing to do
Completed 200 OK in 99ms (Views: 93.2ms | ActiveRecord: 1.1ms | Allocations: 6706)


Started GET "/tasks/1" for ::1 at 2020-03-29 14:57:31 +0545
Processing by TasksController#show as HTML
  Parameters: {"id"=>"1"}
  [1m[36mTask Load (0.3ms)[0m  [1m[34mSELECT "tasks".* FROM "tasks" WHERE "tasks"."id" = ? LIMIT ?[0m  [["id", 1], ["LIMIT", 1]]
  ↳ app/controllers/tasks_controller.rb:67:in `set_task'
  Rendering tasks/show.html.erb within layouts/application
  Rendered tasks/show.html.erb within layouts/application (Duration: 2.6ms | Allocations: 206)
[Webpacker] Everything's up-to-date. Nothing to do
Completed 200 OK in 104ms (Views: 89.1ms | ActiveRecord: 0.3ms | Allocations: 5440)


Started GET "/tasks/1" for ::1 at 2020-03-29 14:58:24 +0545
Processing by TasksController#show as HTML
  Parameters: {"id"=>"1"}
  [1m[36mTask Load (0.3ms)[0m  [1m[34mSELECT "tasks".* FROM "tasks" WHERE "tasks"."id" = ? LIMIT ?[0m  [["id", 1], ["LIMIT", 1]]
  ↳ app/controllers/tasks_controller.rb:67:in `set_task'
  Rendering tasks/show.html.erb within layouts/application
  Rendered tasks/_task.html.erb (Duration: 1.2ms | Allocations: 192)
  Rendered tasks/show.html.erb within layouts/application (Duration: 8.3ms | Allocations: 650)
[Webpacker] Everything's up-to-date. Nothing to do
Completed 200 OK in 98ms (Views: 85.5ms | ActiveRecord: 0.3ms | Allocations: 6549)


Started GET "/tasks/1/edit" for ::1 at 2020-03-29 14:58:33 +0545
Processing by TasksController#edit as HTML
  Parameters: {"id"=>"1"}
  [1m[36mTask Load (0.3ms)[0m  [1m[34mSELECT "tasks".* FROM "tasks" WHERE "tasks"."id" = ? LIMIT ?[0m  [["id", 1], ["LIMIT", 1]]
  ↳ app/controllers/tasks_controller.rb:67:in `set_task'
  Rendering tasks/edit.html.erb within layouts/application
  Rendered tasks/_form.html.erb (Duration: 3.1ms | Allocations: 3476)
  Rendered tasks/edit.html.erb within layouts/application (Duration: 8.2ms | Allocations: 3868)
[Webpacker] Everything's up-to-date. Nothing to do
Completed 200 OK in 97ms (Views: 83.3ms | ActiveRecord: 0.3ms | Allocations: 9001)


Started GET "/tasks" for ::1 at 2020-03-29 14:58:35 +0545
Processing by TasksController#index as HTML
  Rendering tasks/index.html.erb within layouts/application
  [1m[36mTask Load (0.7ms)[0m  [1m[34mSELECT "tasks".* FROM "tasks"[0m
  ↳ app/views/tasks/index.html.erb:16
  Rendered tasks/index.html.erb within layouts/application (Duration: 6.9ms | Allocations: 1326)
[Webpacker] Everything's up-to-date. Nothing to do
Completed 200 OK in 77ms (Views: 73.6ms | ActiveRecord: 0.7ms | Allocations: 5919)


Started GET "/tasks" for ::1 at 2020-03-29 15:01:12 +0545
Processing by TasksController#index as HTML
  Rendering tasks/index.html.erb within layouts/application
  [1m[36mTask Load (0.4ms)[0m  [1m[34mSELECT "tasks".* FROM "tasks"[0m
  ↳ app/views/tasks/index.html.erb:16
  Rendered collection of tasks/_task.html.erb [3 times] (Duration: 1.8ms | Allocations: 1722)
  Rendered tasks/index.html.erb within layouts/application (Duration: 15.9ms | Allocations: 3289)
Completed 500 Internal Server Error in 43ms (ActiveRecord: 0.4ms | Allocations: 4532)


  
ActionView::Template::Error (undefined method `title' for nil:NilClass):
    2: <div class="tasks">
    3: <p>
    4:   <strong>Title:</strong>
    5:   <%= @task.title %>
    6: </p>
    7: 
    8: <p>
  
app/views/tasks/_task.html.erb:5
app/views/tasks/index.html.erb:29
Started GET "/" for ::1 at 2020-03-29 15:01:49 +0545
  [1m[35m (0.1ms)[0m  [1m[34mSELECT sqlite_version(*)[0m
Processing by TasksController#index as HTML
  Rendering tasks/index.html.erb within layouts/application
  [1m[36mTask Load (0.4ms)[0m  [1m[34mSELECT "tasks".* FROM "tasks"[0m
  ↳ app/views/tasks/index.html.erb:16
  Rendered collection of tasks/_task.html.erb [3 times] (Duration: 2.0ms | Allocations: 1714)
  Rendered tasks/index.html.erb within layouts/application (Duration: 21.0ms | Allocations: 7319)
Completed 500 Internal Server Error in 52ms (ActiveRecord: 1.6ms | Allocations: 9046)


  
ActionView::Template::Error (undefined method `title' for nil:NilClass):
    2: <div class="tasks">
    3: <p>
    4:   <strong>Title:</strong>
    5:   <%= @task.title %>
    6: </p>
    7: 
    8: <p>
  
app/views/tasks/_task.html.erb:5
app/views/tasks/index.html.erb:29
Started GET "/" for ::1 at 2020-03-29 15:01:57 +0545
Processing by TasksController#index as HTML
  Rendering tasks/index.html.erb within layouts/application
  [1m[36mTask Load (0.3ms)[0m  [1m[34mSELECT "tasks".* FROM "tasks"[0m
  ↳ app/views/tasks/index.html.erb:16
  Rendered tasks/index.html.erb within layouts/application (Duration: 11.5ms | Allocations: 1326)
[Webpacker] Everything's up-to-date. Nothing to do
Completed 200 OK in 106ms (Views: 102.3ms | ActiveRecord: 0.3ms | Allocations: 6725)


Started GET "/tasks/1" for ::1 at 2020-03-29 15:01:59 +0545
Processing by TasksController#show as HTML
  Parameters: {"id"=>"1"}
  [1m[36mTask Load (0.5ms)[0m  [1m[34mSELECT "tasks".* FROM "tasks" WHERE "tasks"."id" = ? LIMIT ?[0m  [["id", 1], ["LIMIT", 1]]
  ↳ app/controllers/tasks_controller.rb:67:in `set_task'
  Rendering tasks/show.html.erb within layouts/application
  Rendered tasks/_task.html.erb (Duration: 1.2ms | Allocations: 186)
  Rendered tasks/show.html.erb within layouts/application (Duration: 6.0ms | Allocations: 625)
[Webpacker] Everything's up-to-date. Nothing to do
Completed 200 OK in 86ms (Views: 73.1ms | ActiveRecord: 0.5ms | Allocations: 5870)


Started GET "/tasks/1/edit" for ::1 at 2020-03-29 15:02:01 +0545
Processing by TasksController#edit as HTML
  Parameters: {"id"=>"1"}
  [1m[36mTask Load (0.3ms)[0m  [1m[34mSELECT "tasks".* FROM "tasks" WHERE "tasks"."id" = ? LIMIT ?[0m  [["id", 1], ["LIMIT", 1]]
  ↳ app/controllers/tasks_controller.rb:67:in `set_task'
  Rendering tasks/edit.html.erb within layouts/application
  Rendered tasks/_form.html.erb (Duration: 3.2ms | Allocations: 3476)
  Rendered tasks/edit.html.erb within layouts/application (Duration: 7.9ms | Allocations: 3868)
[Webpacker] Everything's up-to-date. Nothing to do
Completed 200 OK in 90ms (Views: 77.5ms | ActiveRecord: 0.3ms | Allocations: 8989)


Started GET "/tasks" for ::1 at 2020-03-29 15:02:03 +0545
Processing by TasksController#index as HTML
  Rendering tasks/index.html.erb within layouts/application
  [1m[36mTask Load (0.3ms)[0m  [1m[34mSELECT "tasks".* FROM "tasks"[0m
  ↳ app/views/tasks/index.html.erb:16
  Rendered tasks/index.html.erb within layouts/application (Duration: 7.1ms | Allocations: 1061)
[Webpacker] Everything's up-to-date. Nothing to do
Completed 200 OK in 71ms (Views: 70.3ms | ActiveRecord: 0.3ms | Allocations: 5527)


Started GET "/tasks" for ::1 at 2020-03-29 15:03:44 +0545
Processing by TasksController#index as HTML
  Rendering tasks/index.html.erb within layouts/application
  [1m[36mTask Load (0.3ms)[0m  [1m[34mSELECT "tasks".* FROM "tasks"[0m
  ↳ app/views/tasks/index.html.erb:16
  Rendered collection of tasks/_task.html.erb [3 times] (Duration: 1.8ms | Allocations: 1713)
  Rendered tasks/index.html.erb within layouts/application (Duration: 10.8ms | Allocations: 3266)
Completed 500 Internal Server Error in 28ms (ActiveRecord: 0.3ms | Allocations: 4500)


  
ActionView::Template::Error (undefined method `title' for nil:NilClass):
    2: <div class="tasks">
    3: <p>
    4:   <strong>Title:</strong>
    5:   <%= @task.title %>
    6: </p>
    7: 
    8: <p>
  
app/views/tasks/_task.html.erb:5
app/views/tasks/index.html.erb:29
Started GET "/tasks" for ::1 at 2020-03-29 15:04:08 +0545
Processing by TasksController#index as HTML
  Rendering tasks/index.html.erb within layouts/application
  [1m[36mTask Load (0.7ms)[0m  [1m[34mSELECT "tasks".* FROM "tasks"[0m
  ↳ app/views/tasks/index.html.erb:16
  Rendered collection of tasks/_task.html.erb [3 times] (Duration: 1.3ms | Allocations: 195)
  Rendered tasks/index.html.erb within layouts/application (Duration: 11.2ms | Allocations: 1776)
[Webpacker] Everything's up-to-date. Nothing to do
Completed 200 OK in 89ms (Views: 83.8ms | ActiveRecord: 0.7ms | Allocations: 7154)


Started GET "/tasks" for ::1 at 2020-03-29 15:04:30 +0545
Processing by TasksController#index as HTML
  Rendering tasks/index.html.erb within layouts/application
  [1m[36mTask Load (0.4ms)[0m  [1m[34mSELECT "tasks".* FROM "tasks"[0m
  ↳ app/views/tasks/index.html.erb:6
  Rendered collection of tasks/_task.html.erb [3 times] (Duration: 1.7ms | Allocations: 255)
  Rendered tasks/index.html.erb within layouts/application (Duration: 12.7ms | Allocations: 1343)
[Webpacker] Everything's up-to-date. Nothing to do
Completed 200 OK in 96ms (Views: 89.5ms | ActiveRecord: 0.4ms | Allocations: 6730)


Started GET "/tasks" for ::1 at 2020-03-29 15:08:50 +0545
Processing by TasksController#index as HTML
  Rendering tasks/index.html.erb within layouts/application
  [1m[36mTask Load (0.3ms)[0m  [1m[34mSELECT "tasks".* FROM "tasks"[0m
  ↳ app/views/tasks/index.html.erb:6
  Rendered collection of tasks/_task.html.erb [3 times] (Duration: 1.5ms | Allocations: 1286)
  Rendered tasks/index.html.erb within layouts/application (Duration: 18.1ms | Allocations: 2329)
Completed 500 Internal Server Error in 38ms (ActiveRecord: 0.3ms | Allocations: 3577)


  
ActionView::SyntaxErrorInTemplate (Encountered a syntax error while rendering template: check 
<div class="tasks">
<p>
  <strong>Title:</strong>
  <%= task.title %>
  <%= link_to 'task.title, task %>

  
</p>

<p>
  <strong>Due date:</strong>
  <%= task.due_date %>
</p>

<p>
  <strong>Priority:</strong>
  <%= task.priority %>
</p>
</div>
):
1:    
2:    <div class="tasks">
3:    <p>
4:      <strong>Title:</strong>
5:      <%= task.title %>
6:      <%= link_to 'task.title, task %>
7:    
8:      
9:    </p>
10:    
11:    <p>
12:      <strong>Due date:</strong>
13:      <%= task.due_date %>
14:    </p>
15:    
16:    <p>
17:      <strong>Priority:</strong>
18:      <%= task.priority %>
19:    </p>
20:    </div>
  
app/views/tasks/_task.html.erb:9: syntax error, unexpected '<', expecting ')'
app/views/tasks/_task.html.erb:12: unknown regexp options - trg
app/views/tasks/_task.html.erb:17: unknown regexp options - trg
app/views/tasks/_task.html.erb:20: unknown regexp options - dv
app/views/tasks/_task.html.erb:22: unterminated string meets end of file
app/views/tasks/_task.html.erb:22: syntax error, unexpected end-of-input, expecting ')'
app/views/tasks/_task.html.erb:9: syntax error, unexpected '<', expecting ')'
app/views/tasks/_task.html.erb:12: unknown regexp options - trg
app/views/tasks/_task.html.erb:17: unknown regexp options - trg
app/views/tasks/_task.html.erb:20: unknown regexp options - dv
app/views/tasks/_task.html.erb:22: unterminated string meets end of file
app/views/tasks/_task.html.erb:22: syntax error, unexpected end-of-input, expecting ')'
app/views/tasks/_task.html.erb:9: syntax error, unexpected '<', expecting ')'
app/views/tasks/_task.html.erb:12: unknown regexp options - trg
app/views/tasks/_task.html.erb:17: unknown regexp options - trg
app/views/tasks/_task.html.erb:20: unknown regexp options - dv
app/views/tasks/_task.html.erb:22: unterminated string meets end of file
app/views/tasks/_task.html.erb:22: syntax error, unexpected end-of-input, expecting ')'
app/views/tasks/_task.html.erb:9: syntax error, unexpected '<', expecting ')'
app/views/tasks/_task.html.erb:12: unknown regexp options - trg
app/views/tasks/_task.html.erb:17: unknown regexp options - trg
app/views/tasks/_task.html.erb:20: unknown regexp options - dv
app/views/tasks/_task.html.erb:22: unterminated string meets end of file
app/views/tasks/_task.html.erb:22: syntax error, unexpected end-of-input, expecting ')'
app/views/tasks/_task.html.erb:9: syntax error, unexpected '<', expecting ')'
app/views/tasks/_task.html.erb:12: unknown regexp options - trg
app/views/tasks/_task.html.erb:17: unknown regexp options - trg
app/views/tasks/_task.html.erb:20: unknown regexp options - dv
app/views/tasks/_task.html.erb:22: unterminated string meets end of file
app/views/tasks/_task.html.erb:22: syntax error, unexpected end-of-input, expecting ')'
app/views/tasks/_task.html.erb:9: syntax error, unexpected '<', expecting ')'
app/views/tasks/_task.html.erb:12: unknown regexp options - trg
app/views/tasks/_task.html.erb:17: unknown regexp options - trg
app/views/tasks/_task.html.erb:20: unknown regexp options - dv
app/views/tasks/_task.html.erb:22: unterminated string meets end of file
app/views/tasks/_task.html.erb:22: syntax error, unexpected end-of-input, expecting ')'
app/views/tasks/index.html.erb:6
Started GET "/tasks" for ::1 at 2020-03-29 15:09:19 +0545
Processing by TasksController#index as HTML
  Rendering tasks/index.html.erb within layouts/application
  [1m[36mTask Load (0.3ms)[0m  [1m[34mSELECT "tasks".* FROM "tasks"[0m
  ↳ app/views/tasks/index.html.erb:6
  Rendered collection of tasks/_task.html.erb [3 times] (Duration: 1.8ms | Allocations: 389)
  Rendered tasks/index.html.erb within layouts/application (Duration: 10.2ms | Allocations: 1456)
[Webpacker] Everything's up-to-date. Nothing to do
Completed 200 OK in 96ms (Views: 92.4ms | ActiveRecord: 0.3ms | Allocations: 6852)


Started GET "/tasks" for ::1 at 2020-03-29 15:09:26 +0545
Processing by TasksController#index as HTML
  Rendering tasks/index.html.erb within layouts/application
  [1m[36mTask Load (0.3ms)[0m  [1m[34mSELECT "tasks".* FROM "tasks"[0m
  ↳ app/views/tasks/index.html.erb:6
  Rendered collection of tasks/_task.html.erb [3 times] (Duration: 2.2ms | Allocations: 382)
  Rendered tasks/index.html.erb within layouts/application (Duration: 10.6ms | Allocations: 1449)
[Webpacker] Everything's up-to-date. Nothing to do
Completed 200 OK in 104ms (Views: 99.7ms | ActiveRecord: 0.3ms | Allocations: 6833)


Started GET "/tasks" for ::1 at 2020-03-29 15:09:35 +0545
Processing by TasksController#index as HTML
  Rendering tasks/index.html.erb within layouts/application
  [1m[36mTask Load (0.3ms)[0m  [1m[34mSELECT "tasks".* FROM "tasks"[0m
  ↳ app/views/tasks/index.html.erb:6
  Rendered collection of tasks/_task.html.erb [3 times] (Duration: 1.8ms | Allocations: 383)
  Rendered tasks/index.html.erb within layouts/application (Duration: 10.3ms | Allocations: 1450)
[Webpacker] Everything's up-to-date. Nothing to do
Completed 200 OK in 87ms (Views: 83.0ms | ActiveRecord: 0.3ms | Allocations: 6830)


Started GET "/tasks" for ::1 at 2020-03-29 15:09:43 +0545
Processing by TasksController#index as HTML
  Rendering tasks/index.html.erb within layouts/application
  [1m[36mTask Load (0.3ms)[0m  [1m[34mSELECT "tasks".* FROM "tasks"[0m
  ↳ app/views/tasks/index.html.erb:6
  Rendered collection of tasks/_task.html.erb [3 times] (Duration: 1.8ms | Allocations: 382)
  Rendered tasks/index.html.erb within layouts/application (Duration: 11.2ms | Allocations: 1449)
[Webpacker] Everything's up-to-date. Nothing to do
Completed 200 OK in 91ms (Views: 87.0ms | ActiveRecord: 0.3ms | Allocations: 6829)


Started GET "/tasks/1" for ::1 at 2020-03-29 15:09:46 +0545
Processing by TasksController#show as HTML
  Parameters: {"id"=>"1"}
  [1m[36mTask Load (0.3ms)[0m  [1m[34mSELECT "tasks".* FROM "tasks" WHERE "tasks"."id" = ? LIMIT ?[0m  [["id", 1], ["LIMIT", 1]]
  ↳ app/controllers/tasks_controller.rb:67:in `set_task'
  Rendering tasks/show.html.erb within layouts/application
  Rendered tasks/_task.html.erb (Duration: 1.3ms | Allocations: 254)
  Rendered tasks/show.html.erb within layouts/application (Duration: 6.0ms | Allocations: 643)
[Webpacker] Everything's up-to-date. Nothing to do
Completed 200 OK in 79ms (Views: 68.0ms | ActiveRecord: 0.3ms | Allocations: 5766)


Started GET "/tasks" for ::1 at 2020-03-29 15:16:18 +0545
  [1m[35m (0.1ms)[0m  [1m[34mSELECT sqlite_version(*)[0m
Processing by TasksController#index as HTML
  Rendering tasks/index.html.erb within layouts/application
  [1m[36mTask Load (0.4ms)[0m  [1m[34mSELECT "tasks".* FROM "tasks"[0m
  ↳ app/views/tasks/index.html.erb:6
  Rendered collection of tasks/_task.html.erb [3 times] (Duration: 2.1ms | Allocations: 360)
  Rendered tasks/index.html.erb within layouts/application (Duration: 12.5ms | Allocations: 1447)
[Webpacker] Everything's up-to-date. Nothing to do
Completed 200 OK in 105ms (Views: 99.4ms | ActiveRecord: 0.4ms | Allocations: 6841)


Started GET "/tasks/1" for ::1 at 2020-03-29 15:16:19 +0545
Processing by TasksController#show as HTML
  Parameters: {"id"=>"1"}
  [1m[36mTask Load (0.3ms)[0m  [1m[34mSELECT "tasks".* FROM "tasks" WHERE "tasks"."id" = ? LIMIT ?[0m  [["id", 1], ["LIMIT", 1]]
  ↳ app/controllers/tasks_controller.rb:67:in `set_task'
  Rendering tasks/show.html.erb within layouts/application
  Rendered tasks/_task.html.erb (Duration: 1.3ms | Allocations: 234)
  Rendered tasks/show.html.erb within layouts/application (Duration: 6.2ms | Allocations: 629)
[Webpacker] Everything's up-to-date. Nothing to do
Completed 200 OK in 78ms (Views: 66.8ms | ActiveRecord: 0.3ms | Allocations: 5768)


Started GET "/tasks" for ::1 at 2020-03-29 15:16:21 +0545
Processing by TasksController#index as HTML
  Rendering tasks/index.html.erb within layouts/application
  [1m[36mTask Load (0.3ms)[0m  [1m[34mSELECT "tasks".* FROM "tasks"[0m
  ↳ app/views/tasks/index.html.erb:6
  Rendered collection of tasks/_task.html.erb [3 times] (Duration: 1.8ms | Allocations: 194)
  Rendered tasks/index.html.erb within layouts/application (Duration: 8.0ms | Allocations: 992)
[Webpacker] Everything's up-to-date. Nothing to do
Completed 200 OK in 66ms (Views: 65.6ms | ActiveRecord: 0.3ms | Allocations: 5454)


Started GET "/tasks/2" for ::1 at 2020-03-29 15:16:21 +0545
Processing by TasksController#show as HTML
  Parameters: {"id"=>"2"}
  [1m[36mTask Load (0.3ms)[0m  [1m[34mSELECT "tasks".* FROM "tasks" WHERE "tasks"."id" = ? LIMIT ?[0m  [["id", 2], ["LIMIT", 1]]
  ↳ app/controllers/tasks_controller.rb:67:in `set_task'
  Rendering tasks/show.html.erb within layouts/application
  Rendered tasks/_task.html.erb (Duration: 0.4ms | Allocations: 71)
  Rendered tasks/show.html.erb within layouts/application (Duration: 1.3ms | Allocations: 212)
[Webpacker] Everything's up-to-date. Nothing to do
Completed 200 OK in 68ms (Views: 62.3ms | ActiveRecord: 0.3ms | Allocations: 5198)


Started GET "/tasks" for ::1 at 2020-03-29 15:16:22 +0545
Processing by TasksController#index as HTML
  Rendering tasks/index.html.erb within layouts/application
  [1m[36mTask Load (0.3ms)[0m  [1m[34mSELECT "tasks".* FROM "tasks"[0m
  ↳ app/views/tasks/index.html.erb:6
  Rendered collection of tasks/_task.html.erb [3 times] (Duration: 1.5ms | Allocations: 194)
  Rendered tasks/index.html.erb within layouts/application (Duration: 7.7ms | Allocations: 990)
[Webpacker] Everything's up-to-date. Nothing to do
Completed 200 OK in 68ms (Views: 67.4ms | ActiveRecord: 0.3ms | Allocations: 5456)


Started GET "/tasks/3" for ::1 at 2020-03-29 15:16:23 +0545
Processing by TasksController#show as HTML
  Parameters: {"id"=>"3"}
  [1m[36mTask Load (0.3ms)[0m  [1m[34mSELECT "tasks".* FROM "tasks" WHERE "tasks"."id" = ? LIMIT ?[0m  [["id", 3], ["LIMIT", 1]]
  ↳ app/controllers/tasks_controller.rb:67:in `set_task'
  Rendering tasks/show.html.erb within layouts/application
  Rendered tasks/_task.html.erb (Duration: 0.5ms | Allocations: 71)
  Rendered tasks/show.html.erb within layouts/application (Duration: 2.1ms | Allocations: 212)
[Webpacker] Everything's up-to-date. Nothing to do
Completed 200 OK in 64ms (Views: 58.6ms | ActiveRecord: 0.3ms | Allocations: 5190)


Started GET "/tasks" for ::1 at 2020-03-29 15:16:25 +0545
Processing by TasksController#index as HTML
  Rendering tasks/index.html.erb within layouts/application
  [1m[36mTask Load (0.3ms)[0m  [1m[34mSELECT "tasks".* FROM "tasks"[0m
  ↳ app/views/tasks/index.html.erb:6
  Rendered collection of tasks/_task.html.erb [3 times] (Duration: 1.5ms | Allocations: 194)
  Rendered tasks/index.html.erb within layouts/application (Duration: 7.3ms | Allocations: 990)
[Webpacker] Everything's up-to-date. Nothing to do
Completed 200 OK in 68ms (Views: 66.7ms | ActiveRecord: 0.3ms | Allocations: 5447)


Started GET "/tasks" for ::1 at 2020-03-29 15:29:06 +0545
  [1m[35m (0.1ms)[0m  [1m[34mSELECT sqlite_version(*)[0m
Processing by TasksController#index as HTML
  Rendering tasks/index.html.erb within layouts/application
  [1m[36mTask Load (0.4ms)[0m  [1m[34mSELECT "tasks".* FROM "tasks"[0m
  ↳ app/views/tasks/index.html.erb:6
  Rendered collection of tasks/_task.html.erb [3 times] (Duration: 1.9ms | Allocations: 436)
  Rendered tasks/index.html.erb within layouts/application (Duration: 15.4ms | Allocations: 1523)
[Webpacker] Everything's up-to-date. Nothing to do
Completed 200 OK in 105ms (Views: 100.3ms | ActiveRecord: 0.4ms | Allocations: 6906)


Started GET "/tasks" for ::1 at 2020-03-29 15:29:10 +0545
Processing by TasksController#index as HTML
  Rendering tasks/index.html.erb within layouts/application
  [1m[36mTask Load (0.3ms)[0m  [1m[34mSELECT "tasks".* FROM "tasks"[0m
  ↳ app/views/tasks/index.html.erb:6
  Rendered collection of tasks/_task.html.erb [3 times] (Duration: 6.2ms | Allocations: 272)
  Rendered tasks/index.html.erb within layouts/application (Duration: 11.9ms | Allocations: 1070)
[Webpacker] Everything's up-to-date. Nothing to do
Completed 200 OK in 76ms (Views: 74.6ms | ActiveRecord: 0.3ms | Allocations: 5539)


Started GET "/tasks/3" for ::1 at 2020-03-29 15:29:12 +0545
Processing by TasksController#show as HTML
  Parameters: {"id"=>"3"}
  [1m[36mTask Load (0.3ms)[0m  [1m[34mSELECT "tasks".* FROM "tasks" WHERE "tasks"."id" = ? LIMIT ?[0m  [["id", 3], ["LIMIT", 1]]
  ↳ app/controllers/tasks_controller.rb:67:in `set_task'
  Rendering tasks/show.html.erb within layouts/application
  Rendered tasks/_task.html.erb (Duration: 1.2ms | Allocations: 231)
  Rendered tasks/show.html.erb within layouts/application (Duration: 5.7ms | Allocations: 694)
[Webpacker] Everything's up-to-date. Nothing to do
Completed 200 OK in 84ms (Views: 74.9ms | ActiveRecord: 0.3ms | Allocations: 5835)


Started DELETE "/tasks/3" for ::1 at 2020-03-29 15:29:16 +0545
Processing by TasksController#destroy as HTML
  Parameters: {"authenticity_token"=>"leZ4ylFPE03wjZviaC8ubJVA5Rpu+6/Fd/SWBoZpkXTEAXcBbW7D25xxb9GXHh1foi8F48UyEv0+azr7sUv6Nw==", "id"=>"3"}
  [1m[36mTask Load (0.3ms)[0m  [1m[34mSELECT "tasks".* FROM "tasks" WHERE "tasks"."id" = ? LIMIT ?[0m  [["id", 3], ["LIMIT", 1]]
  ↳ app/controllers/tasks_controller.rb:67:in `set_task'
  [1m[35m (0.1ms)[0m  [1m[36mbegin transaction[0m
  ↳ app/controllers/tasks_controller.rb:57:in `destroy'
  [1m[36mTask Destroy (8.9ms)[0m  [1m[31mDELETE FROM "tasks" WHERE "tasks"."id" = ?[0m  [["id", 3]]
  ↳ app/controllers/tasks_controller.rb:57:in `destroy'
  [1m[35m (9.0ms)[0m  [1m[36mcommit transaction[0m
  ↳ app/controllers/tasks_controller.rb:57:in `destroy'
Redirected to http://localhost:3008/tasks
Completed 302 Found in 61ms (ActiveRecord: 18.2ms | Allocations: 2675)


Started GET "/tasks" for ::1 at 2020-03-29 15:29:17 +0545
Processing by TasksController#index as HTML
  Rendering tasks/index.html.erb within layouts/application
  [1m[36mTask Load (0.3ms)[0m  [1m[34mSELECT "tasks".* FROM "tasks"[0m
  ↳ app/views/tasks/index.html.erb:6
  Rendered collection of tasks/_task.html.erb [2 times] (Duration: 1.2ms | Allocations: 182)
  Rendered tasks/index.html.erb within layouts/application (Duration: 6.9ms | Allocations: 971)
[Webpacker] Everything's up-to-date. Nothing to do
Completed 200 OK in 68ms (Views: 67.1ms | ActiveRecord: 0.3ms | Allocations: 5448)


Started GET "/tasks" for ::1 at 2020-03-29 15:44:38 +0545
  [1m[35m (0.1ms)[0m  [1m[34mSELECT sqlite_version(*)[0m
Processing by TasksController#index as HTML
  Rendering tasks/index.html.erb within layouts/application
  [1m[36mTask Load (0.5ms)[0m  [1m[34mSELECT "tasks".* FROM "tasks"[0m
  ↳ app/views/tasks/index.html.erb:6
  Rendered collection of tasks/_task.html.erb [2 times] (Duration: 0.7ms | Allocations: 182)
  Rendered tasks/index.html.erb within layouts/application (Duration: 5.6ms | Allocations: 987)
[Webpacker] Everything's up-to-date. Nothing to do
Completed 200 OK in 254ms (Views: 252.6ms | ActiveRecord: 0.5ms | Allocations: 13798)


Started GET "/tasks/1" for ::1 at 2020-03-29 15:44:43 +0545
Processing by TasksController#show as HTML
  Parameters: {"id"=>"1"}
  [1m[36mTask Load (0.3ms)[0m  [1m[34mSELECT "tasks".* FROM "tasks" WHERE "tasks"."id" = ? LIMIT ?[0m  [["id", 1], ["LIMIT", 1]]
  ↳ app/controllers/tasks_controller.rb:67:in `set_task'
  Rendering tasks/show.html.erb within layouts/application
  Rendered tasks/_task.html.erb (Duration: 0.3ms | Allocations: 68)
  Rendered tasks/show.html.erb within layouts/application (Duration: 1.4ms | Allocations: 259)
[Webpacker] Everything's up-to-date. Nothing to do
Completed 200 OK in 68ms (Views: 62.3ms | ActiveRecord: 0.3ms | Allocations: 5282)


